<?xml version="1.0" encoding="UTF-8"?>
<!-- Generated by org.testng.reporters.JUnitReportReporter -->
<testsuite hostname="DESKTOP-ME60TCF" failures="0" tests="2" name="QAExpert.Mavenjava.RestApiTest" time="0.009" errors="0" timestamp="2022-07-12T19:39:18 CEST" skipped="0">
  <testcase classname="QAExpert.Mavenjava.RestApiTest" name="PostJira" time="0.000"/>
  <system-out/>
  <testcase classname="QAExpert.Mavenjava.RestApiTest" name="DeleteTwitter" time="0.009"/>
  <system-out/>
</testsuite> <!-- QAExpert.Mavenjava.RestApiTest -->
