<?xml version="1.0" encoding="UTF-8"?>
<!-- Generated by org.testng.reporters.JUnitReportReporter -->
<testsuite hostname="DESKTOP-ME60TCF" failures="0" tests="2" name="QAExpert.Mavenjava.SeleniumTest" time="0.001" errors="0" timestamp="2022-07-12T19:39:18 CEST" skipped="0">
  <testcase classname="QAExpert.Mavenjava.SeleniumTest" name="BrowserAutomation" time="0.000"/>
  <system-out/>
  <testcase classname="QAExpert.Mavenjava.SeleniumTest" name="elementsUI" time="0.001"/>
  <system-out/>
</testsuite> <!-- QAExpert.Mavenjava.SeleniumTest -->
