<?xml version="1.0" encoding="UTF-8"?>
<!-- Generated by org.testng.reporters.JUnitReportReporter -->
<testsuite hostname="DESKTOP-ME60TCF" failures="0" tests="2" name="QAExpert.Mavenjava.AppiumTest" time="0.001" errors="0" timestamp="2022-07-12T19:38:35 CEST" skipped="0">
  <testcase classname="QAExpert.Mavenjava.AppiumTest" name="IOSApp" time="0.001"/>
  <system-out/>
  <testcase classname="QAExpert.Mavenjava.AppiumTest" name="NativeAppAndroid" time="0.000"/>
  <system-out/>
</testsuite> <!-- QAExpert.Mavenjava.AppiumTest -->
